TN:
SF:src/TrustSetup.sol
FN:93,TrustSetup.onlyCompTimelock
FNDA:262,TrustSetup.onlyCompTimelock
DA:94,262
DA:94,262
BRDA:94,0,0,1
BRDA:94,0,1,260
DA:94,1
FN:99,TrustSetup.onlyGoldenBoyzMultisig
FNDA:260,TrustSetup.onlyGoldenBoyzMultisig
DA:100,260
DA:100,260
BRDA:100,1,0,1
BRDA:100,1,1,259
DA:100,1
FN:105,TrustSetup.
FNDA:12,TrustSetup.
DA:106,12
DA:106,12
DA:108,12
DA:108,12
DA:109,12
DA:109,12
DA:111,12
DA:111,12
DA:115,12
DA:115,12
FN:121,TrustSetup.invest
FNDA:261,TrustSetup.invest
DA:122,260
DA:122,260
DA:122,260
DA:123,260
DA:123,260
BRDA:123,2,0,1
BRDA:123,2,1,259
DA:123,1
DA:126,259
DA:126,259
DA:128,259
DA:128,259
DA:130,259
DA:130,259
DA:130,259
DA:132,259
DA:132,259
DA:134,259
DA:134,259
FN:140,TrustSetup.commenceDivestment
FNDA:262,TrustSetup.commenceDivestment
DA:142,261
DA:142,261
DA:142,261
DA:143,261
DA:143,261
BRDA:143,3,0,1
BRDA:143,3,1,260
DA:143,1
DA:144,260
DA:144,260
BRDA:144,4,0,1
BRDA:144,4,1,259
DA:144,1
DA:147,259
DA:147,259
DA:147,259
DA:147,259
DA:147,259
DA:148,259
DA:148,259
BRDA:148,5,0,1
BRDA:148,5,1,258
DA:148,1
DA:151,258
DA:151,258
DA:153,258
DA:153,258
DA:154,258
DA:154,258
DA:154,258
DA:156,258
DA:156,258
DA:158,258
DA:158,258
DA:159,258
DA:159,258
FN:164,TrustSetup.completeDivestment
FNDA:3,TrustSetup.completeDivestment
DA:165,2
DA:165,2
BRDA:165,6,0,1
BRDA:165,6,1,1
DA:165,1
DA:167,1
DA:167,1
DA:169,1
DA:169,1
DA:169,1
DA:171,1
DA:171,1
DA:173,1
DA:173,1
DA:174,1
DA:174,1
FN:179,TrustSetup.setSlippageMinOut
FNDA:4,TrustSetup.setSlippageMinOut
DA:180,3
DA:180,3
DA:180,3
DA:180,2
BRDA:180,7,0,2
BRDA:180,7,1,1
DA:181,2
DA:181,2
DA:183,1
DA:183,1
FN:189,TrustSetup.swapRewardsForWeth
FNDA:260,TrustSetup.swapRewardsForWeth
DA:190,259
DA:190,259
DA:193,259
DA:193,259
DA:193,259
DA:194,259
DA:194,259
DA:194,259
DA:196,259
DA:196,259
FN:201,TrustSetup.buyWethWithComp
FNDA:264,TrustSetup.buyWethWithComp
DA:202,264
DA:202,264
DA:202,264
DA:205,262
DA:205,262
DA:206,260
DA:206,260
DA:208,259
DA:208,259
FN:213,TrustSetup.getCompToWethRatio
FNDA:259,TrustSetup.getCompToWethRatio
DA:214,259
DA:214,259
DA:214,259
FN:222,TrustSetup._oracleHelper
FNDA:1557,TrustSetup._oracleHelper
DA:223,1557
DA:223,1557
DA:223,1557
DA:225,1557
DA:225,1557
BRDA:225,8,0,1
BRDA:225,8,1,1556
DA:225,1
DA:226,1556
DA:226,1556
DA:226,1556
BRDA:226,9,0,1
BRDA:226,9,1,1555
DA:226,1
DA:228,1555
DA:228,1555
DA:228,1555
FN:234,TrustSetup._compToWethRatio
FNDA:523,TrustSetup._compToWethRatio
DA:236,523
DA:236,523
DA:236,523
FN:240,TrustSetup._poolAssets
FNDA:517,TrustSetup._poolAssets
DA:241,517
DA:241,517
DA:241,517
DA:242,517
DA:242,517
DA:243,517
DA:243,517
DA:245,517
DA:245,517
FN:249,TrustSetup._depositInBalancerPool
FNDA:259,TrustSetup._depositInBalancerPool
DA:251,259
DA:251,259
DA:251,259
DA:252,259
DA:252,259
DA:254,259
DA:254,259
FN:270,TrustSetup._withdrawFromBalancerPool
FNDA:258,TrustSetup._withdrawFromBalancerPool
DA:271,258
DA:271,258
DA:271,258
DA:273,258
DA:273,258
DA:275,258
DA:275,258
FN:291,TrustSetup._swapRewardForWeth
FNDA:259,TrustSetup._swapRewardForWeth
DA:294,259
DA:294,259
DA:294,259
FN:316,TrustSetup._ratioCompBpt
FNDA:517,TrustSetup._ratioCompBpt
DA:318,517
DA:318,517
DA:318,517
DA:320,517
DA:320,517
DA:320,517
DA:322,517
DA:322,517
DA:322,517
DA:322,517
DA:323,517
DA:323,517
DA:323,517
DA:329,517
DA:329,517
DA:329,517
DA:337,517
DA:337,517
DA:337,517
DA:338,517
DA:338,517
DA:338,517
DA:338,517
FN:343,TrustSetup._calcMinBpt
FNDA:259,TrustSetup._calcMinBpt
DA:344,259
DA:344,259
DA:344,259
DA:345,259
DA:345,259
DA:345,259
DA:349,259
DA:349,259
DA:349,259
DA:349,259
FN:354,TrustSetup._minCompOut
FNDA:258,TrustSetup._minCompOut
DA:355,258
DA:355,258
DA:355,258
DA:356,258
DA:356,258
DA:356,258
DA:360,258
DA:360,258
DA:360,258
DA:360,258
FNF:19
FNH:19
LF:72
LH:72
BRF:20
BRH:20
end_of_record
TN:
SF:test/BaseFixture.sol
FN:46,BaseFixture.setUp
FNDA:12,BaseFixture.setUp
DA:47,12
DA:47,12
DA:49,12
DA:49,12
DA:51,12
DA:51,12
DA:52,12
DA:52,12
DA:53,12
DA:53,12
DA:54,12
DA:54,12
DA:55,12
DA:55,12
DA:56,12
DA:56,12
DA:57,12
DA:57,12
DA:58,12
DA:58,12
DA:59,12
DA:59,12
DA:60,12
DA:60,12
DA:61,12
DA:61,12
DA:62,12
DA:62,12
DA:63,12
DA:63,12
DA:64,12
DA:64,12
DA:65,12
DA:65,12
FN:68,BaseFixture.grantCompAndInvest
FNDA:259,BaseFixture.grantCompAndInvest
DA:69,259
DA:69,259
DA:69,259
DA:70,259
DA:70,259
DA:71,259
DA:71,259
DA:72,259
DA:72,259
DA:72,259
DA:73,259
DA:73,259
DA:73,259
DA:74,259
DA:74,259
DA:75,259
DA:75,259
DA:76,259
DA:76,259
DA:76,259
DA:77,259
DA:77,259
DA:78,259
DA:78,259
DA:79,259
DA:79,259
DA:80,259
DA:80,259
FN:83,BaseFixture.queueCommenceDivestment
FNDA:258,BaseFixture.queueCommenceDivestment
DA:84,258
DA:84,258
DA:84,258
DA:85,258
DA:85,258
DA:86,258
DA:86,258
DA:86,258
DA:87,258
DA:87,258
DA:87,258
DA:88,258
DA:88,258
DA:89,258
DA:89,258
DA:89,258
DA:90,258
DA:90,258
DA:91,258
DA:91,258
DA:92,258
DA:92,258
DA:93,258
DA:93,258
FN:96,BaseFixture.queueCompleteDivestment
FNDA:1,BaseFixture.queueCompleteDivestment
DA:97,1
DA:97,1
DA:97,1
DA:98,1
DA:98,1
DA:99,1
DA:99,1
DA:99,1
DA:100,1
DA:100,1
DA:100,1
DA:101,1
DA:101,1
DA:102,1
DA:102,1
DA:102,1
DA:103,1
DA:103,1
DA:104,1
DA:104,1
DA:105,1
DA:105,1
FN:109,BaseFixture.voteForProposal
FNDA:518,BaseFixture.voteForProposal
DA:110,518
DA:110,518
DA:111,518
DA:111,518
DA:114,518
DA:114,518
DA:115,518
DA:115,518
DA:116,518
DA:116,518
DA:117,518
DA:117,518
DA:118,518
DA:118,518
DA:119,518
DA:119,518
DA:120,518
DA:120,518
DA:121,518
DA:121,518
DA:122,518
DA:122,518
DA:123,518
DA:123,518
DA:124,518
DA:124,518
DA:125,518
DA:125,518
DA:126,518
DA:126,518
DA:127,518
DA:127,518
DA:128,518
DA:128,518
DA:129,518
DA:129,518
DA:131,518
DA:131,518
DA:132,518
DA:132,518
FN:135,BaseFixture.syncOracleUpdateAt
FNDA:517,BaseFixture.syncOracleUpdateAt
DA:138,517
DA:138,517
DA:138,517
DA:139,517
DA:139,517
DA:151,517
DA:151,517
DA:152,517
DA:152,517
FNF:6
FNH:6
LF:72
LH:72
BRF:0
BRH:0
end_of_record
