TN:
SF:src/TrustSetup.sol
FN:86,TrustSetup.onlyCompTimelock
FNDA:262,TrustSetup.onlyCompTimelock
DA:87,262
DA:87,262
BRDA:87,0,0,1
BRDA:87,0,1,260
DA:87,1
FN:92,TrustSetup.onlyGoldenBoyzMultisig
FNDA:260,TrustSetup.onlyGoldenBoyzMultisig
DA:93,260
DA:93,260
BRDA:93,1,0,1
BRDA:93,1,1,259
DA:93,1
FN:98,TrustSetup.
FNDA:10,TrustSetup.
DA:99,10
DA:99,10
DA:101,10
DA:101,10
DA:102,10
DA:102,10
DA:104,10
DA:104,10
FN:110,TrustSetup.invest
FNDA:261,TrustSetup.invest
DA:111,260
DA:111,260
DA:111,260
DA:112,260
DA:112,260
BRDA:112,2,0,1
BRDA:112,2,1,259
DA:112,1
DA:115,259
DA:115,259
DA:117,259
DA:117,259
DA:119,259
DA:119,259
DA:119,259
DA:121,259
DA:121,259
DA:123,259
DA:123,259
FN:129,TrustSetup.commenceDivestment
FNDA:262,TrustSetup.commenceDivestment
DA:131,261
DA:131,261
DA:131,261
DA:132,261
DA:132,261
BRDA:132,3,0,1
BRDA:132,3,1,260
DA:132,1
DA:133,260
DA:133,260
BRDA:133,4,0,1
BRDA:133,4,1,259
DA:133,1
DA:136,259
DA:136,259
DA:136,259
DA:136,259
DA:136,259
DA:137,259
DA:137,259
BRDA:137,5,0,1
BRDA:137,5,1,258
DA:137,1
DA:140,258
DA:140,258
DA:142,258
DA:142,258
DA:143,258
DA:143,258
DA:143,258
DA:145,258
DA:145,258
DA:147,258
DA:147,258
DA:148,258
DA:148,258
FN:153,TrustSetup.completeDivestment
FNDA:3,TrustSetup.completeDivestment
DA:154,2
DA:154,2
BRDA:154,6,0,1
BRDA:154,6,1,1
DA:154,1
DA:156,1
DA:156,1
DA:158,1
DA:158,1
DA:158,1
DA:160,1
DA:160,1
DA:162,1
DA:162,1
DA:163,1
DA:163,1
FN:169,TrustSetup.swapRewardsForWeth
FNDA:260,TrustSetup.swapRewardsForWeth
DA:170,259
DA:170,259
DA:173,259
DA:173,259
DA:173,259
DA:174,259
DA:174,259
DA:174,259
DA:176,259
DA:176,259
FN:181,TrustSetup.buyWethWithComp
FNDA:264,TrustSetup.buyWethWithComp
DA:182,264
DA:182,264
DA:182,264
DA:185,262
DA:185,262
DA:186,260
DA:186,260
DA:188,259
DA:188,259
FN:193,TrustSetup.getCompToWethRatio
FNDA:259,TrustSetup.getCompToWethRatio
DA:194,259
DA:194,259
DA:194,259
FN:202,TrustSetup._oracleHelper
FNDA:1557,TrustSetup._oracleHelper
DA:203,1557
DA:203,1557
DA:203,1557
DA:205,1557
DA:205,1557
BRDA:205,7,0,1
BRDA:205,7,1,1556
DA:205,1
DA:206,1556
DA:206,1556
DA:206,1556
BRDA:206,8,0,1
BRDA:206,8,1,1555
DA:206,1
DA:208,1555
DA:208,1555
DA:208,1555
FN:214,TrustSetup._compToWethRatio
FNDA:523,TrustSetup._compToWethRatio
DA:216,523
DA:216,523
DA:216,523
FN:220,TrustSetup._poolAssets
FNDA:517,TrustSetup._poolAssets
DA:221,517
DA:221,517
DA:221,517
DA:222,517
DA:222,517
DA:223,517
DA:223,517
DA:225,517
DA:225,517
FN:229,TrustSetup._depositInBalancerPool
FNDA:259,TrustSetup._depositInBalancerPool
DA:231,259
DA:231,259
DA:231,259
DA:232,259
DA:232,259
DA:234,259
DA:234,259
FN:250,TrustSetup._withdrawFromBalancerPool
FNDA:258,TrustSetup._withdrawFromBalancerPool
DA:251,258
DA:251,258
DA:251,258
DA:253,258
DA:253,258
DA:255,258
DA:255,258
FN:271,TrustSetup._swapRewardForWeth
FNDA:259,TrustSetup._swapRewardForWeth
DA:274,259
DA:274,259
DA:274,259
FN:296,TrustSetup._ratioCompBpt
FNDA:517,TrustSetup._ratioCompBpt
DA:298,517
DA:298,517
DA:298,517
DA:300,517
DA:300,517
DA:300,517
DA:302,517
DA:302,517
DA:302,517
DA:302,517
DA:303,517
DA:303,517
DA:303,517
DA:309,517
DA:309,517
DA:309,517
DA:317,517
DA:317,517
DA:317,517
DA:318,517
DA:318,517
DA:318,517
DA:318,517
FN:323,TrustSetup._calcMinBpt
FNDA:259,TrustSetup._calcMinBpt
DA:324,259
DA:324,259
DA:324,259
DA:325,259
DA:325,259
DA:325,259
DA:329,259
DA:329,259
DA:329,259
DA:329,259
FN:334,TrustSetup._minCompOut
FNDA:258,TrustSetup._minCompOut
DA:335,258
DA:335,258
DA:335,258
DA:336,258
DA:336,258
DA:336,258
DA:340,258
DA:340,258
DA:340,258
DA:340,258
FNF:18
FNH:18
LF:68
LH:68
BRF:18
BRH:18
end_of_record
TN:
SF:test/BaseFixture.sol
FN:46,BaseFixture.setUp
FNDA:10,BaseFixture.setUp
DA:47,10
DA:47,10
DA:49,10
DA:49,10
DA:51,10
DA:51,10
DA:52,10
DA:52,10
DA:53,10
DA:53,10
DA:54,10
DA:54,10
DA:55,10
DA:55,10
DA:56,10
DA:56,10
DA:57,10
DA:57,10
DA:58,10
DA:58,10
DA:59,10
DA:59,10
DA:60,10
DA:60,10
DA:61,10
DA:61,10
DA:62,10
DA:62,10
DA:63,10
DA:63,10
DA:64,10
DA:64,10
DA:65,10
DA:65,10
FN:68,BaseFixture.grantCompAndInvest
FNDA:259,BaseFixture.grantCompAndInvest
DA:69,259
DA:69,259
DA:69,259
DA:70,259
DA:70,259
DA:71,259
DA:71,259
DA:72,259
DA:72,259
DA:72,259
DA:73,259
DA:73,259
DA:73,259
DA:74,259
DA:74,259
DA:75,259
DA:75,259
DA:76,259
DA:76,259
DA:76,259
DA:77,259
DA:77,259
DA:78,259
DA:78,259
DA:79,259
DA:79,259
DA:80,259
DA:80,259
FN:83,BaseFixture.queueCommenceDivestment
FNDA:258,BaseFixture.queueCommenceDivestment
DA:84,258
DA:84,258
DA:84,258
DA:85,258
DA:85,258
DA:86,258
DA:86,258
DA:86,258
DA:87,258
DA:87,258
DA:87,258
DA:88,258
DA:88,258
DA:89,258
DA:89,258
DA:89,258
DA:90,258
DA:90,258
DA:91,258
DA:91,258
DA:92,258
DA:92,258
DA:93,258
DA:93,258
FN:96,BaseFixture.queueCompleteDivestment
FNDA:1,BaseFixture.queueCompleteDivestment
DA:97,1
DA:97,1
DA:97,1
DA:98,1
DA:98,1
DA:99,1
DA:99,1
DA:99,1
DA:100,1
DA:100,1
DA:100,1
DA:101,1
DA:101,1
DA:102,1
DA:102,1
DA:102,1
DA:103,1
DA:103,1
DA:104,1
DA:104,1
DA:105,1
DA:105,1
FN:109,BaseFixture.voteForProposal
FNDA:518,BaseFixture.voteForProposal
DA:110,518
DA:110,518
DA:111,518
DA:111,518
DA:114,518
DA:114,518
DA:115,518
DA:115,518
DA:116,518
DA:116,518
DA:117,518
DA:117,518
DA:118,518
DA:118,518
DA:119,518
DA:119,518
DA:120,518
DA:120,518
DA:121,518
DA:121,518
DA:122,518
DA:122,518
DA:123,518
DA:123,518
DA:124,518
DA:124,518
DA:125,518
DA:125,518
DA:126,518
DA:126,518
DA:127,518
DA:127,518
DA:128,518
DA:128,518
DA:129,518
DA:129,518
DA:131,518
DA:131,518
DA:132,518
DA:132,518
FN:135,BaseFixture.syncOracleUpdateAt
FNDA:517,BaseFixture.syncOracleUpdateAt
DA:138,517
DA:138,517
DA:138,517
DA:139,517
DA:139,517
DA:151,517
DA:151,517
DA:152,517
DA:152,517
FNF:6
FNH:6
LF:72
LH:72
BRF:0
BRH:0
end_of_record
